cambodia - vanuatu akuro
cambodia - scotland egkiro
cambodia - chad egkiro
Team Name:  vanuatu , Number of Matches:  1 , Goals:  2 , Fails:  6
Team Name:  scotland , Number of Matches:  2 , Goals:  10 , Fails:  10
Team Name:  chad , Number of Matches:  1 , Goals:  8 , Fails:  4
cambodia-chad 3-7
Team Name:  vanuatu , Number of Matches:  1 , Goals:  2 , Fails:  6
Team Name:  chad , Number of Matches:  2 , Goals:  15 , Fails:  7
Team Name:  scotland , Number of Matches:  1 , Goals:  3 , Fails:  7
cambodia-scotland 3-7
vanuatu - scotland egkiro
vanuatu - chad Akuro
Team Name:  chad , Number of Matches:  1 , Goals:  8 , Fails:  4
Team Name:  scotland , Number of Matches:  1 , Goals:  4 , Fails:  8
cambodia-chad 3-7
vanuatu-scotland 2-6
Team Name:  vanuatu , Number of Matches:  1 , Goals:  2 , Fails:  6
Team Name:  chad , Number of Matches:  2 , Goals:  15 , Fails:  7
Team Name:  scotland , Number of Matches:  1 , Goals:  3 , Fails:  7
cambodia-scotland 3-7
chad - scotland egkiro
cambodia-chad 3-7
vanuatu-scotland 2-6
chad-scotland 8-4
Team Name:  vanuatu , Number of Matches:  1 , Goals:  2 , Fails:  6
Team Name:  chad , Number of Matches:  2 , Goals:  15 , Fails:  7
Team Name:  scotland , Number of Matches:  1 , Goals:  3 , Fails:  7
cambodia-scotland 3-7
cambodia-chad 3-7
vanuatu-scotland 2-6
chad-scotland 8-4
